<?xml version="1.0" encoding="UTF-8"?>
<!-- Generated by org.testng.reporters.JUnitXMLReporter -->
<testsuite hostname="DESKTOP-IN0JCKC" ignored="5" name="Default test(failed)" tests="1" failures="1" timestamp="08 Jul 2020 00:22:31 GMT" time="0.059" errors="0">
  <testcase name="signIn" time="0.012" classname="tests.TestNGConcepts">
    <failure type="java.lang.AssertionError" message="expected [college] but found [school]">
      <![CDATA[java.lang.AssertionError: expected [college] but found [school]
at tests.TestNGConcepts.signIn(TestNGConcepts.java:12)
... Removed 31 stack frames]]>
    </failure>
  </testcase> <!-- signIn -->
  <testcase name="dashBoard" time="0.0" classname="tests.TestNGConcepts">
    <ignored/>
  </testcase> <!-- dashBoard -->
  <testcase name="checkTitle" time="0.0" classname="tests.TestNGConcepts">
    <ignored/>
  </testcase> <!-- checkTitle -->
  <testcase name="logOut" time="0.0" classname="tests.TestNGConcepts">
    <ignored/>
  </testcase> <!-- logOut -->
  <testcase name="homePage" time="0.0" classname="tests.TestNGConcepts">
    <ignored/>
  </testcase> <!-- homePage -->
  <testcase name="customerPage" time="0.0" classname="tests.TestNGConcepts">
    <ignored/>
  </testcase> <!-- customerPage -->
</testsuite> <!-- Default test(failed) -->
